PocketMine-MP Crash Dump Wed Sep 2 05:54:31 +07 2020

Error: Call to a member function getX() on null
File: plugins/OreGenerator/src/IronGen/Main
Line: 136
Type: Error

THIS CRASH WAS CAUSED BY A PLUGIN
BAD PLUGIN: OreGen v1

Code:
[127]     private $array;
[128] 
[129]     public function __construct($plugin){
[130]         $this->plugin  = $plugin;
[131]     }
[132] 
[133]     public function onRun($tick){
[134]         if(!count($this->plugin->blockVarr) <= 0){
[135]             foreach(array_keys($this->plugin->blockVarr) as $bl){
[136]               if($bl["pos"]->getX() == 0) continue;
[137]               $data = $this->plugin->blockVarr[$bl];
[138]               $level = $data["level"];
[139]               $pos = new Vector3($data["pos"]->getX(), $data["pos"]->getY(), $data["pos"]->getZ());
[140]               if($level->getBlock($pos)->getId() !== 0) return;
[141]                 $id = mt_rand(1, 85);
[142]                 switch ($id) {
[143]                     case 2;
[144]                         $block = new IronOre();
[145]                         break;
[146]                     case 4;

Backtrace:
#0 src/pocketmine/scheduler/TaskHandler(137): IronGen\PlaceTask->onRun(integer 511)
#1 src/pocketmine/scheduler/TaskScheduler(179): pocketmine\scheduler\TaskHandler->run(integer 511)
#2 src/pocketmine/plugin/PluginManager(654): pocketmine\scheduler\TaskScheduler->mainThreadHeartbeat(integer 511)
#3 src/pocketmine/Server(2391): pocketmine\plugin\PluginManager->tickSchedulers(integer 511)
#4 src/pocketmine/Server(2154): pocketmine\Server->tick()
#5 src/pocketmine/Server(1994): pocketmine\Server->tickProcessor()
#6 src/pocketmine/Server(1588): pocketmine\Server->start()
#7 src/pocketmine/PocketMine(273): pocketmine\Server->__construct(object BaseClassLoader, object pocketmine\utils\MainLogger, string[38] C:\Users\Administrator\Desktop\Server\, string[46] C:\Users\Administrator\Desktop\Server\plugins\)
#8 src/pocketmine/PocketMine(304): pocketmine\server()
#9 (11): require(string[93] phar://C:/Users/Administrator/Desktop/Server/PocketMine-MP.phar/src/pocketmine/P)

PocketMine-MP version: 3.15.0 [Protocol 408]
Git commit: a498b0415ab2edf18300470dfe6d182372f25190
uname -a: Windows NT PTKVPS 6.3 build 9600 (Windows Server 2012 R2 Standard Edition) AMD64
PHP Version: 7.3.13
Zend version: 3.3.13
OS : WINNT, win
Composer libraries: 
- adhocore/json-comment 0.1.0@8448076039389f558f39ad0553aab87db3f81614
- ocramius/package-versions 1.5.1@1d32342b8c1eb27353c8887c366147b4c2da673c
- pocketmine/binaryutils 0.1.11@e8cb65db1b7998eebb739b124f2a989fe87366eb
- pocketmine/callback-validator 1.0.1@4aef6bb25f97d0b830ba0b4f66834b1a9c86fc9a
- pocketmine/classloader 0.1.0@4ccdb30e48f030bfcad04bb0a208d198ec631993
- pocketmine/log 0.2.0@e59bedb5d4bbeb9a26647cb7c367cb2fa72addfa
- pocketmine/log-pthreads 0.1.0@9bbcef398b01487ab47c234a6a7054722abbe067
- pocketmine/math 0.2.4@b1c28b236df8b795d7b06cf8421f9962b12ac410
- pocketmine/nbt 0.2.14@b31dca98443328c4bab76dc1b84c1473c79be20e
- pocketmine/raklib 0.12.8@9fea763ffc922db083e4528d4acd0b13d0ea83a4
- pocketmine/snooze 0.1.2@88420da3d9335dbcb3ee2decfd5e5453d057dcdf
- pocketmine/spl 0.4.1@ff0579a0be41bbe65d3637607715c0f87728a838
- doctrine/instantiator 1.3.1@f350df0268e904597e3bd9c4685c53e0e333feea
- myclabs/deep-copy 1.10.1@969b211f9a51aa1f6c01d1d2aef56d3bd91598e5
- nikic/php-parser v4.8.0@8c58eb4cd4f3883f82611abeac2efbc3dbed787e
- phar-io/manifest 2.0.1@85265efd3af7ba3ca4b2a2c34dbfc5788dd29133
- phar-io/version 3.0.2@c6bb6825def89e0a32220f88337f8ceaf1975fa0
- phpdocumentor/reflection-common 2.2.0@1d01c49d4ed62f25aa84a747ad35d5a16924662b
- phpdocumentor/reflection-docblock 5.2.0@3170448f5769fe19f456173d833734e0ff1b84df
- phpdocumentor/type-resolver 1.3.0@e878a14a65245fbe78f8080eba03b47c3b705651
- phpspec/prophecy 1.11.1@b20034be5efcdab4fb60ca3a29cba2949aead160
- phpstan/phpstan 0.12.37@5e16d83e6eb2dd784fbdaeaece5e2bca72e4f68a
- phpstan/phpstan-phpunit 0.12.16@1dd916d181b0539dea5cd37e91546afb8b107e17
- phpstan/phpstan-strict-rules 0.12.4@9b86e1eb77c796628e239820a01a2d327d607a5e
- phpunit/php-code-coverage 9.1.3@4abbce3b0ad05f2e7143ea5f775d5513cb5261e4
- phpunit/php-file-iterator 3.0.4@25fefc5b19835ca653877fe081644a3f8c1d915e
- phpunit/php-invoker 3.1.0@7a85b66acc48cacffdf87dadd3694e7123674298
- phpunit/php-text-template 2.0.2@6ff9c8ea4d3212b88fcf74e25e516e2c51c99324
- phpunit/php-timer 5.0.1@cc49734779cbb302bf51a44297dab8c4bbf941e7
- phpunit/phpunit 9.3.5@7115b00b23bcd4f62a73855c9615694d2f206e71
- sebastian/code-unit 1.0.5@c1e2df332c905079980b119c4db103117e5e5c90
- sebastian/code-unit-reverse-lookup 2.0.2@ee51f9bb0c6d8a43337055db3120829fa14da819
- sebastian/comparator 4.0.3@dcc580eadfaa4e7f9d2cf9ae1922134ea962e14f
- sebastian/complexity 2.0.0@33fcd6a26656c6546f70871244ecba4b4dced097
- sebastian/diff 4.0.2@1e90b4cf905a7d06c420b1d2e9d11a4dc8a13113
- sebastian/environment 5.1.2@0a757cab9d5b7ef49a619f1143e6c9c1bc0fe9d2
- sebastian/exporter 4.0.2@571d721db4aec847a0e59690b954af33ebf9f023
- sebastian/global-state 5.0.0@22ae663c951bdc39da96603edc3239ed3a299097
- sebastian/lines-of-code 1.0.0@e02bf626f404b5daec382a7b8a6a4456e49017e5
- sebastian/object-enumerator 4.0.2@074fed2d0a6d08e1677dd8ce9d32aecb384917b8
- sebastian/object-reflector 2.0.2@127a46f6b057441b201253526f81d5406d6c7840
- sebastian/recursion-context 4.0.2@062231bf61d2b9448c4fa5a7643b5e1829c11d63
- sebastian/resource-operations 3.0.2@0653718a5a629b065e91f774595267f8dc32e213
- sebastian/type 2.2.1@86991e2b33446cd96e648c18bcdb1e95afb2c05a
- sebastian/version 3.0.1@626586115d0ed31cb71483be55beb759b5af5a3c
- symfony/polyfill-ctype v1.18.1@1c302646f6efc070cd46856e600e5e0684d6b454
- theseer/tokenizer 1.2.0@75a63c33a8577608444246075ea0af0d052e452a
- webmozart/assert 1.9.1@bafc69caeb4d49c39fd0779086c03a3738cbb389
- pocketmine/pocketmine-mp 3.15.0@a498b0415ab2edf18300470dfe6d182372f25190

Loaded plugins:
PurePerms 1.4.3 by 64FF00 & ProjectInfinity for API(s) 3.0.0
MultiWorld 1.5.2 by CzechPMDevs, VixikCZ, fuyutsuki, kaliiks for API(s) 3.0.0
DevTools 1.13.0 by PocketMine Team for API(s) 3.0.0
WorldProtect 2.3.8 by aliuly for API(s) 3.0.0
SeasonPass 2.0.0 by TungstenVn for API(s) 3.0.0
FormAPI 1.3.0 by jojoe77777 for API(s) 3.2.0
BravoClan 1.1 by Itzdvbravo for API(s) 3.14.0
BedcoreProtect 0.7.1 by matcracker for API(s) 3.13.0
InvCrashFix 0.0.1 by  for API(s) 3.14.0
iProtector 3.1b by LDX for API(s) 3.0.0
DEVirion 1.2.5-ALPHA12 by poggit, SOFe for API(s) 3.0.0
MineLevel 1.0.0 by TungstenVn for API(s) 3.0.0
VanillaEnchantments 4.0.0 by TheAz928 for API(s) 3.0.0, 3.1.0
FloatingText 1.0.0 by TheNewManu for API(s) 3.0.0
LOCMSkyblock 3.1.3 by RedCraftPE for API(s) 3.0.0, 4.0.0
PMRequisites 1.1.0 by  for API(s) 3.0.0
Boss_Quai 2.1 by phuongaz for API(s) 3.0.0
TapToDo 2.3.0 by Falk for API(s) 3.0.0
OreGen 1 by  for API(s) 3.0.0, 4.0.0
Minion 1.0.4 by phuongaz for API(s) 3.0.0
SlapperRotation 1.2.1 by jojoe77777 for API(s) 3.0.0
Slapper 1.6.0 by jojoe77777 for API(s) 3.13.0
ProtocolSupport 1.0.0 by GiantQuartz for API(s) 3.15.0
AntiVoid 1.1.0 by FiberglassCivic for API(s) 3.0.0
EconomyAPI 4.0.0 by onebone for API(s) 3.0.0, 3.1.0, 4.0.0
Texter 3.4.9 by yuko_fuyutsuki, mfmfnek0, onebone, ogiwara, Shootsta_ERU0531, Toganon, ShadowArt, Marron0421, No4NaMe, SuperYYT, SuperAdam47, minijaham, VicoSilalahi for API(s) 3.10.0
MSpawns 2.2 by EvolSoft for API(s) 3.0.0
Mockingbird 1.0-beta by  for API(s) 3.14.0
DolaShop 4.0.5 by SaltyPixelDevz for API(s) 3.0.0
PureChat 1.4.11 by 64FF00 for API(s) 3.0.0
CustomWings 1.0.0 by phuongaz for API(s) 3.0.0
AddGems 1 by  for API(s) 3.0.0
FormImagesFix 0.0.1 by  for API(s) 3.11.4
CubeBox 1.1.0 by TheAz928 for API(s) 3.0.0
AutoInv 0.0.10 by JackNoordhuis for API(s) 3.0.0
Sell 1.2.13 by phuongaz for API(s) 3.0.0
Point 1.0.0 by AkmalFairuz for API(s) 3.0.0
BuilderTools 1.2.0-beta3 by CzechPMDevs, VixikCZ for API(s) 3.0.0
Core 1 by phuongaz for API(s) 3.0.0
BurgerCustomArmor 0.0.4 by Heisenburger69 for API(s) 3.0.0
LCoin 1 by phuongaz for API(s) 3.0.0
PiggyCustomEnchants 2.3.0 by DaPigGuy for API(s) 3.14.0
CustomShopUI 4.0.5 by SaltyPixelDevz for API(s) 3.0.0
AuctionHouse 1.2.2 by Shock95x for API(s) 3.0.0

----------------------REPORT THE DATA BELOW THIS LINE-----------------------

===BEGIN CRASH DUMP===
eNrtfAlz3Da+51fBk1M78pa6xftQVikrshx7x4r1LCWZeemUCwTBbkZsssNDh6fy3ff3B8BusiXb
sq3svqodV2KzQeB/nyCJf+1kVb3k7bsrWTd5Ve4cuHs7bb6UOwe2H8eWZUWhvbdT8KY9qeuq3jn4
1057u8LtHf17b2cpm4bPaeSYFwVrK8bZUi4TWbOsK0ULqGwu23/sPmW4KruiwKIM/7zIC7XqYDb7
qQH62ewoXeZl3rQ1b6t6Nnsum8u2Ws1m57IGfbPZqujmeYmJb2r5gyylmdfUYjZ7VVclxmazU56X
09ViRVg0BrNsf7hqH4v2zZp9WoLpRV4S324AEdRc4PrXnScWo5mrSlzKFtTJ/UYsZNoVst6/4M3l
S16muN613fDpAVsTcVZgPd2ffFeVb7tyNy9bOYdIfNt+ClRP7I+DPe9/7dphDMCbiWC3vzebDSiY
fFffg8bZRqNlsX+m/jnlJTRX7wa+93Eca3Im3y0hq4tFLXn6UvK6TSRv72B1t7FqBe46bmxvIdL0
kMAGBE2+a3OxQdrcQeB9CIF9hxN9R0PcVYv9Dyy24/hji8/qSsDUq1pDCT4ExY+iD0BpWghMrw63
V5+py1Nc7jqh+wEA796JqoR7dKLdrZLfpWjZ97yRx3DP5nXFU1nvMTM+XN61edFox3hdzec0C0Dy
cv6rG/3GPsP/1uu84LPWrf1W8R59hHfXumOJWqxqZcx2bTKgWv7R5bXcNdTE7m9steD1wf7+8cG+
oml/RNK+ocjoaIBwcno2paX72yQ93fntz70d+agx7wujEejQa97l5VVVXMmlLFsASiEC0e70dzGi
QWJEVKkksm0nxDDDn1WdX/FWsm94XfPbbzHHdiLcUxdxP6lLilxsWBja2zcay9N/0QrXMivozzft
Im8m3+n7jB0yM1UhcW0z80/1yzEoXfcDKHW0/IYczqDyBqjybPc/RNWVIGeIdPJdUkB3P4O3p+x/
HTLLLPUHS+kPcp3kYrGrZPDuUt42H4HDG/ZNUhhIwRYkRQpu/zrbWVXNbOe3yXdG34eEnkFubV52
UssgvLP6m5S3nET1AfS/AvZvenF0d3Ehr2RBqwkKSFC/QYReEN9dABoxvZTX7GeYTFW7u/3SMfV7
7J7xf35g/L92nz5VGD3rXukoqtTM74mtXaLiqfr9KoWg/kNLqpZtV2tb8ew7cEB7noL0ZfuuRp7b
tfdY5Buszj2zm+u8FQu2i1VPmVKd594zjf4IRE7maFDeB+YoApRSjPjIR+Flu4YE/yPrEtjapZ4W
fIwE79udP/9dcPy74Ph3wfH/e8GxtzNXBUFBqbvk1ITtjFaCpATi3zRrO+7U9qcWjXd5kaJciGw0
cHnzLpVXOwcZLxqJ+qCu2kpUAOtZEZDkVD1wL44Sy7N9njgyzezItSwvtNJMBqkdOW7oZI5vxwS7
M7T8kpdpdd2wHy/Y2cXffz47Z8HUZQoziwPLYrv9DM02cyzbYW8ddt4iZPA6ZSdpTln+KTs6fR54
VLqgTzvYCafgw8XP97JMFVfmN26/qxpC/erHHy8woH5c57rGWSKhyPpdkSc1r3PZkNh4ugCrtdz/
vanKCeaYYsma2lPrWeR5kRUGlhu7UZz5fpS5MU8t33c5T6IwTdwssgObKKtEzZd51+yvuLhEjJgY
oRMB9tSf2s/s1HVcz0kiYcsEPuS7IoqiULgBIISJJ5yUB6EriI+NopO85PWt8hBDlm0/k5FIAj9N
7CSM40jKJAndOLEdL3N4DEplFAKqTMagBGrPBNRNrniRp2R3ijbAfOZxmQVJ4vhZHKZWAuUm3Eq8
LAgi10tsHosoyETMtwCSXxfKr9ci84SAWCzpRZkFKJmAvLwksbhjRakNYkXgIpC5Y0hFNVcQHECQ
fpzINPFTLJNJzJ0g8EKRkKDwj5Px0OFpmvE7ECarVsX9Zk1MnCRCQmewXNuLQp4AEHTAAx5avhc6
DgcKKwjHoJa8XRhqvGeJLZwocdwgzSJI20/DxApEFnmOncVx4EDqXHi2NQZRJq2BYAOEa6cCevE8
13Ui4SU8CYNU2EnkCWjeFSEYdiw5BlHzS1iqZsWZRs+gVR4GbgY1OE6aWJErPd+JUo8LaMx2U0vy
yOXeGEpTVtV7aQTiPItAt5VyN41dF/YjEldKJ5UiS33pez6A+GEq0mwLyKpQEDxYSpZhSgzjkJ4N
4cEK3cCFi4Sh7Qsri8LQiUBHBAhpJSj+yX2EVnh0m69NziVAro/oYTlBJGPL8+NQukkaCy+IfOG7
0pKu62ZSkpqXt7C0pNlPpVzBR1e3CohNhhsHceLYUAX3bc7tLBCWndqpA3v2g5Qg2j6MzgeUMr/M
EUMXq8mK140y2StvGpGbCz+ScMDUy9wogk87gW1zVA7CkVki3BT2GEahUhBi8SSvYCNlnsmGtOwo
D4p8J/Bllro8CxPuCu4lDneE66XwAT+MojR1YupjNjCGYRmm8kzAA4PI8VOZRbG0uOs4DiQauW6Y
RULyzI5DP+OWDnSQbkfBCtmjllkhVT+kIpgC6ShfslPLFl6cejINKEBzHnk89EKeQv0+t4PY8QIY
8cdAYlSVtADqK6CuHVoIjJkfBjBKO848P7BDNyVCXU9aWUamrY1oBJS64kktG2pKe0OAv0dhxG04
pe94fpbIMMoiK7IkIpBLDusmcNbAtzW4ZiWhxLpaLaQwdoD/niWOZSFSSahApPDzLAkswV3uxCLB
X17MERjswMiOzHHf/Nt7mBs+86UdgAuJyOmk0DigpFgnBcA6iUDgkQiJEb8LZIJ/uzJve2B2ANHD
9ig32onlu3EquS9SN5QwSC/gWRIlthVKO7wHGJUNop3UqC2bHqKHYBYFEqkjDBEwoLRIolyNHItb
NneQW8IUXsh9baWKGmXs1NvjL0hc70DECAQuAj6FRhdxGS6fOTJE4wMKszCEXfi2KxLYsy29LWC0
JzHJW70LYQzXe4a0AbH7CcK76wso0kUYyKSF3Oh5HP4kbPLDbcpoe+JSajAUrUMe+UkQcCG8SHCR
ZQi5YYpY7waxBwoRhEPPiaMtMK28afHXclXwVhp/dJ4FWYakJbkHydhIulEmstCTDuKcHUhH+LZA
FnK2GaS97FpZOjk1KIlh0mEIK0JSc5IMUcYDDSAroUieZLFny3AMxBhCDOv2n4W27SeWhQySUHwJ
HB66ke+LOLB9sJXCK60AzAFEA5NvECXLfaUzA4YStP8MNYOTZsgfIrZ8i7I+Yr6NcIkiwHJtO4SJ
Aqh1Pxg4HQUbOSmq6rJbrYUkIYwMSdISsHuO9OTC1ZAXXBvZ2okzuGXKIzvegrpEADUG4AGO+ywV
iKDIP8jKHJrK4tQRCMmIDY5jIyRwJEppe9kdOIW8ydtbQw8iiwvvDSjj+4FA0xdkIT1QcDxPwo29
xEuFTK04HMFJ8ywzlDjPbCQTRPIMUuKoZAKBfJcgH8g4RUjHeoQaiMsdQZDlVY7G2JR+vsqUFg/9
UPAkTv0klBkCSIBIZ5ObBCJG8kayA1BnDOhmVdWtrNfk+KGdho6dJiiwRIS4a6G6CUBi7Hsc6pQw
IOTAMTnzokp4gSig7dlXokGtIoPAFbFvJ6lAPIFMUZhKXCMMyJRCXbwtGtoTbCZVNtEbfMqWEHDJ
kAMnyDxUZj4inHAjmGUSoS7yEMulF1tkUCNQum2byBLBfKh8SCr0Mpk6qcWD1IoQQsMwTZGvYnge
YCdu5MU2oN8HzqQZBU2bpO2EHHoPEDRDDyUG9QS+i2CESjv1PStIA4HIPDb0WopO5dIJbaQhHmyI
CxzHtcEubCCJkbWEl3GYRuC5CcI9jFzYdhq4W+CaqquFnFQr4tVU8a4B6LuhHQFG4MQoBX0EdERN
FDCgEXma9CGdLQMz28GUk1EpBHEMb05c1/MCkcaBDECWHSE+JDBfH7nBETDfEYRxrWA/g/r8CFWK
j7IvdW2UxyhwXeQ/HzVziAoaYHyumonmdplV5S26x+IW8buYCEPOFRJnRI2JQGgLSOiI4lZoIU6h
CANZFqwV5TFyeZB4PoXKdiEbiQa1ReAu8/cmi1NREEIgrnBdxPAQ5SCKXQ+lhRX6kls8s5BlHKpX
iatrmSyr97xu99E+yFoHuZiSOM9EEAuOWiz1Yhh5lqKujK0IVZ3LUVxEFIajeFydbi4ny9W6x332
4Ib1z/WGueoIz7pansl62Qy76vXY3s5GEzYKYtIz79pFVTe0Gxd4L16gsf0f7KyuyMBflRm6fEQ4
NOt8ldMU0p9Fv2XJk0Kif23rDl13KlfoZgkK7jVV1j4fDtCuFlC+0whmszVFg0t6CIBmjOh9c37x
y5u3r59raTe5CiSLtl01B/v7aOgXXTJF/N1Xa80Dhg0cCOS0K9r8l6qmTYK1GAaDYzmgLhzL4fi9
FIuz0+fyiqj6Ob/JL4//Sz3HRSvbdJc5ri/RheaXzWOJRhDK1TIFytlsSZReE6Wz2YjqzxXQgJH9
ASBICEMXVVUMzWQ9NJaO7aotl4F4Nrs07ELy5WOJoMdPO1xrSgzH5xdHby9+OvukQawp21/DALOK
a9h0S0+QNgyPhodMo5yeRmOeoe2ueDRH0NBmM6XjlaZA7yB+NsunXV5nuSzSYSTpn7q1taQNgQZJ
fX/ELYRyLnlTlWcIYgORDAbHArG2jeCiK+eAW/5cPpZQNhBpa7OnY3j9KQ8gtl5U9fLo7NWAp35k
bNZ3rPr36vdKhvRnxJDz5QxtIM5mhoj1xUNY+b7mV9VxQU3empnN2JaXjpl51b5PrxKaO2LG9j6X
m51z2l982aU7G742wGezNT3b5vsRtlD1AeZdf9y6MWTQmobbLC55K2ouqAUbseh+ucI2IMHYiJiH
cXePe25A7m+xB0m8Kq+Oa94sXuQ3AzEMR8cysLZk8HWqHfDd/QEOZjO0tIIwZ/nNbKafeDxEoblh
Sb88YLgYDA6ZAKHJWI+vn//jsSIIQIGJNeIvVhrgTE6Pz072B0xQzjz5Oa8VG5uc2Q+NvdGZ+pOj
12cvj+ytymJVzemBBKLvmxfysdjWQGezK0XKbIYiwlwNyPtIVlEVE9LGa3qEPSyY1mNj7v4v54I1
GYPLh5jlz7xEv8BPSrHgZUvt8TDT3Xd3yKZ3D5sLefQ+dqI7TO7pLaAvZfZKkzKbHSM8fIG59nTt
38cTpUQAbPNyfqFay01eHA5/SsML+aO8PuVl92gaXkNEThxQ8vA88vrN8en55a3Z3V2zNRreCj3b
Dc9bmSLUZu3ZyTZbe8z7Gu42gGczXIMe9VYIihlz9RAGz07f0pNYGhm1c8PhrSpgS2+PpKuX6Ljr
FwWv5ekxOrYB/s/I+lXTvPvPjufDhL8eGxebW5l+teiqcs7fP1q8NPBms6Ou5kQE0n31sPLygq8u
qufVgIl+ZLuB2PKgF7y4fCwGWr5qq7Sil0d63J8k3Lwtt6F7/frcwIA+ajx7O1/lEqNXlh9CMYL9
ONmage1Q5f211nL8+ui56so1+ofTf17wFfzmbdWqTbhhl7V1Z7t4sB/UmXwFT1sEfDZPd3nZ4iF4
YHf1NdV6ozF/cZW3IWm/Z4KCrnl95Lxb0W74MO5u3flEyvwhRw5GcKvbsSmqV1i+kOUtEhCL79D0
iTrvqGzzn6t8uC+2Hvp4Ltl5kSeyntNLE8f5VS4eyxa/ryVvFxf8EgVAcfu9emEEkdkQtbn6Ag3f
B3p/DQ/SOBFVWS1vx/sFg8FPFIRVKRP8/8F68CsjpgE/m0lNEXDMZiPqPp2uUFGN3NUMjOsibxqP
GbvtLqt3w93OZbbMSnlJLPVM42qeX/Oa9sTPF1XVNi1/d/L2J8t3KX5dVHNeqth2vuBpdX2krPOU
10gDlufQlB8r70d+SpBgvrL+5z8v+sujlC89ehhEb5n9zhd8qfZhRXWeF7zgi3zsUZ8t4/We0CCn
Vpe3yKir5XKFvKqk9MUF+Vpy+0bclM3OV/y6HNZx/ci4cNhqGE+u4Nyg/bG8zSBF0Fxjf8B+4/X1
9VSCEoI6bS8VPyhi4VZJXo/22AejW/FxksiW/yXbF7JFu5MLIcDVBv/ox0N85XlVcBjyatje90Pb
gcAfa+mcF+3tWX4jC5QKn1d5DMPNxzL2CAMss2vaakm0/fQKXYWm8dMdRVfL4wVvtx4OqaHtZ0O2
fd/Doc/jbfNQ5h4X5OoFnQYpDIj+Ia/yqmvOTib9+M4HnhsRsZurR3hqpMBAOFqkv8Bihl46HP1E
xv/r+pQBEZ+zMXeUpj/I0aPAfuThVf9X0/5S8isq+wnvQ8tMCs+vlnwum/HW6Hj8MzZHYdBfuzlK
n47mCrfaHn0oK8ddIr+vbkYWpUc+UW59cLfpEaJJD5ssSxHzWVbVtdWr8mpoVWbkjkK2WPrfXFz+
WFV1uujyR3ty+juAlj3Q2Qzoqry8ot6+J+rTXY0sitFDsKK425O5j+DsD1TPxnkakPJwWzsD56PY
rn5/ImodXS558YLndfdogWsAEsSL09M3n7FPRC/Yy3r74fRoeFs3urZwH/IQ/694XJ9o2lr98HqL
0q95ZD8CRbGEytFBINHV6Yci+V+Yj2iPlbB/Ttj4vqvnstaZ7Khejh4W3b23HUq2NnleyryRZaKW
BfFjMTiGSqrcIuthZjzQ5hadtGt9XOXDvSD9+/+JFkVFn4YZ/J8OLvl8fqtlYR4wjDal77n7iR3R
5xyLfuhudx6rD+gBojq8S829g1/gnz2S/XvA7W/KSF2Z36kjzfB/63biynlYQ0HCgWwaArUiUNM5
1/WBKuBfopyXoyJhMLwdwbe6XqAXl7F/83U2P97JGT5WH2wiGkxUOCj6FkQfVQ8jaj/hHfQOHq/B
J5r9rVek+k/gsGIy0bRPeNmoHQz98d2UvgdA+lDfdO08OVv/YsdVmeVzRq+tz+pZ+eQXmbKjbs6c
gNnWgeMeeAE7+vvzC+ZYjkUzCl7OO5Soh7Kc0+9l1aaHI1rMx2p0U2Of0L7hoR3brkOD1wvwNCny
pj2ssoxGeFlWXSnopSJ+i/lcLHKpP8tvDqtSQaKthIl5jwlSO7QDhZ3fmEXNoaZvDhEtq1Qeql+o
qAF2PWbwQVbqPYn+9+pqZdDQq9K56GBuh4rWeX+gwKSRLT0/bA6VENSX2GR1h6W8vsrTzWAjZTqY
Q2+SHj4/eXH00+sLGjXq+aOT9a3BaYZqWFJPEF1PV7xprlF0Hv5P9QdiQrk5adDqmIVXubyepDl9
ESHkYURDN0l1MyErN1NGL4JOb5f0mdITRhmGvqiH5jv9+q4yAPqcn41UCYNgF/RGK+vZZ7yWrF1I
VpWwnhZ9LROkvpYlkuWlKLoUFgTwdwyPYJ1XS6zMWHsXZsMzuccq3KkbAqk/92a3VVcbWCzPGLSY
Z7nCAAXScQ3FLQH+UV6vwe2nMuNQYcOuq/JvLaN9d14zkt4SzNJHfrdEIZ0UoPm+XsiSdat5zVMA
mM5KslwN7GBWMvbkl4UkwuhcCuTalNEZFfrTVcighq/RlxWpvq1ILSqgAau4kq2SF70xISRbqG+9
aWRJkLV99j51wNQHpnSjWXRtWsHkzckYB2y2Yz4CFUXVyHS2oyg7KorqmpEzgRhmXspjVzln/0km
RnOUrfXv6w1QPDlRhmcWMRDGyCkYVAapELjklhlZ0nxjp+vbQ1C/5JBIVUKwPE1ZLRstf5IrfXnN
lpI3Xa08mkHqiSSqIR35R8fVcR/zHB08u+JFJ9muQYqY85Sga4z0YRQFkgnkTp9AH+C2wv1jp84J
gVkdNbeloK/dofn6EoY0VRN+griUbfec0rRFjcDdQX2Y3uwx9ZokM+4Oh9hj9PUFGKEMomSDYExj
y66ECdEUDfxc6Rc8wczq6gbteyshBrCkTLdcE0eyNQS9yshY1SknMMo9lrd/o0NParUslRTilM1s
LWa74KGjQxaUWBQbE8PpgQK1baxcWUfdlSWpM6WIVK2UElRD0UwZcrO5Zst8voA3UwLbG3qfsRyS
SF13q1aPaoGRYFC0SsOXUi68Un0lnGqP4FdVnoLs+ykgGyGbqyBoWNd0YGiYPNGT1paGgI9AXt9q
r/xBfQbCKCMzPQ5HWOYtOfdSznly20Li7FyL2lLCzRuCrZZfkNaucyV5ZVHw2uuJBtQbWaM4zHKQ
iJAE6ksFK6ul7FFqI4e2OvJTNq+gKPqYTFkFITJfqyjSDphFXAC7isH6c9z/9hxQIfMx+imffh39
KA1XigQTP9ckGXANQ/ighIjA1xNEWLepUhHgF+UShrjmb49AnnIKRQ+FCyY6pJ4SqYfJGyk6FXor
Ta92R0pV69nyRqAmaDbs6Kj15uLkgF28fHXOXr86fXXBjs7OXr86OWdnJ28ZCsC/n7zdY5jELt5g
1gn75eWb1yfs7O2b45Pz8+m2/98rjDNZ55VKxhSDG2JPLKSKxkoW6zhrQ+woB1IVVtSUCaKg1BFW
gTo2x++QIRG3H7IzbV+o8Cj5lTTNIFOQNRBE3U0Mpwrb4HhD6YNyvFowvTubzMCU5lDaSgoqBbRc
iVytVb12zQMsS66aDauuZXhtnt5PkuHcNZzPeZ3QYQWiKsznvir23C9d5WVEjlnFzCqE7SUvO1V4
DClBUdbBAp/u9elg2wR7I9SZNcsAS/O73HjflL3R4V6bOyqHqivSNS058sd1yTb0NxrwSpEPRgPL
MrwC2wsVJ+7kR2U6GsKat6yuln2e1avNjMnQMIcaJm6MJu/YBrvHpEbWcd4Xi6SyGpjIDI0hp91y
pSsrXb4xc2NCN3p9PadJZoGiXZHZc0CnU11LuDq/R8DI18h5wHAFI2uaTlJYaBfQ2ryvNCleEbYN
VXu9InV5YArKqaaGpn5QTtTUiEVXXjY97cd8RaP5slsivSKz1qyv+0mRTLdAmoqNXMlfjCiVx9y1
MRTaK0ORQjihCrhDvvXWGnte6VvbNq3PFuvh68m9C2lYZuKQM1U0TAT6O7nm7TlIUWUKKkeSHqjT
tYWGQqeFSGoyaI3mcMMdlhl5an56zDS5x6sFWFALYOB+HNTH7HBWlrIlhR2YBIGqbFEVurpMeIu+
lapwRTIKJpiQSTEqtumux9zViSWR6zpTZ7YnQy31tyis1rctAd9jE3ugQKU8hXjS9sQgbPuBidqb
ElYfcdZRKaw4pz5G1fi0GIOGrCl7iTIQtnSo6jp2fPbTHtaChgT+dZ2nMHtVJujouYY/UfAPWNhX
3JtivFHSGcydsqMUgWrBi2wfbaTuEFIJGzaogJTRdggZ2MARN0lvAGzU0NxQVKPqkhd7OmgSanOI
zpRd1CpfVKqI/umsPOtL8E1fSB0GLbpGPiWY3apcTczvrZ7n1Dhkk7+Xa1VTsd5ruKFcaAopFPPa
cgZZ14sdvejplJ2ZNQWnfVxqrE2DasxEYcxqPifuoC6w1awKVcpQ17kE8RQHeE0qPC5y2jpRbTSd
tCSblp1e/KQobcASsZ10LaO2XWl5g063HNM+DC3bbkKrDhS15ACpTLr5Qd/GfMdsal9MEbeAF6v7
zHStje6zycjLptI5zRiKTcB03NLQjhcV+loyzr57kX1/qoKbOuCv4Vd9EKWNkH7DiO5t/J1OUkEk
kLztYwwo1Uc39dWy6rRWtS5XmhXqM1W+lJUo8hVTayHHU34LGZKxLKurvnml8G9ipopbk/6eRtls
okW/ITTcSbhQWwHaAPRJwXoTRc012u4asyUh6OUyHRfMmolec8BWKCiu8oLQ6Jhn/NlgoaDNy/m6
ni5pWbGdO/b6WaOdpHt3b3SDd7SksyJVQ6rykzZxEqXeg1PJiNxZte1QDF2rbILFb1VuGSxWjJdS
t4mJ1MASSYdKMrXfp9LBorcApXS1DTjKUpp9QrRmH57J+DapK336G7DRkZX3UWndTyavAQn20Rsi
iO0X079ralxl3dRET7oVLFION1sEJSCFSO18boz1yavnCpn6mKBRLknylDVpmtEZjShVDHfMbDr0
2U6tGbEOeBPmsCdsXtOHjWvxbDY21hKa3hWRcdZrnquWBoEDFb/WzapadUVvjOYHhX01x4QIVwUI
VQ1PVsatKbqSpx6wvs5Uu5h6K+fAZDzaeVIdlh7WCcPoC4Rs9gTSjdzI3tWpDVtDa3cbD68WKM2y
aqAReNlEP3xZz1xUpBlFypTe0pvmlaK4rMrbJfUIdOIEbbWJZkM6NT7mPtvcVyyokMXn8xq9pt5U
MjtQutGmIyovt/lT9MGD3zx/Q8fkmf18kwsoKFxLXYhydX4mYWwU4RsG1Nh0sO+L1LOWvDZNrZw7
QoVC9X1jTMh66sQIit3DekqNV0PRoUQtyU4GOzx7iI+rBd9j9ORcJax2XbIg9GYSTTRUiAhUUkLQ
d/vEoveL+GjHyDzPGSScDuUZcpuKYn2wMACV5vX9HscdTWteh6pu0UGvY7XJSASU5veFA2mWAiYh
VFthZlG/7TndIDB3hhh6aX4855mwrbWrvWKwyWBgAHxr5NlvJyzMoIoY1BGYItNEDNqaRR2fqior
z9aAUKqDEb0RTxGo77J1jAM8EyL7zMaLnDemhEfVxemcGvOLigDQaHR10CtN34Pd0k7PAftVZW/k
zz219fMbAVXV+SZNDh8QKDaokqrz1HTY/YMZ1Trfl7FUQlcZulHFpOrM6IAC0GrS7ZB8jVfRoC8Z
PcmhrKCz1wbjAXvx+ujiwPk23PPjG3vPvXH3nG/tb1MpKh1jd+mjeHWs8mFk6VCsf3n+U1326L34
YWOrPZxyC2Rsdp1U6aG2jaA1ccv0waFd3Qflvpqv15v4KuIAzopOr6XNiaYX2KR/AgBb0PXdkxcq
1ChUav4ISKcqBXNO9mBkooqt6WaDrFqpXlDeIPA1phESl1QvN6roh0SSHJXqre6Z1TziV515V+g0
on1Gc6ngoxip17F6Z2+H3nEuzWmR/zIvqWxOuUyEOZFwPUJPX+iEzNFYtXyXVi2C4WjUnPWyGejq
Yvg71YcMrX9neaEPMFqPzJejMzcXSB/D3zm87Go4QCdpqofSoXpfYZnoR0nDKY054HM4thJjrt+u
T6AbrVRhvxkPoUBZDkfOz14Pfy5vmz8KdVCouWLqdC+HtuDZhE4d9S3PCnH5zSu4RCgE/qNjeUI/
C9LQkb7IrIxO9/HU8UaCjo10XPYNHYgzOAhnjfCWqyeRjnnr5n2+0i8o+vqnPtZxPRs/b5ZjnVTE
Dp1oZ9Nh63s7Z8/fjESVVu8UK9uDGMrH6kS4KJtmNPE8p4Dwj9ORjLYowE9qScdsYfC6zresY3Dm
Jh31YNNBsiB4MTbOTbZ+p4qx4XmmZCT5XJ9z2p9vREJozJsNJAAV0NKkP1OT7Li+XbWVGnDVwDy9
o/N8ZCZKNu5waH1s1LzTxqjJ+fPP/wPDBwV4
===END CRASH DUMP===
